<?xml version="1.0" encoding="UTF-8"?>
<testng-results skipped="0" failed="0" total="1" passed="1">
  <reporter-output>
  </reporter-output>
  <suite name="Default suite" duration-ms="20988" started-at="2018-12-22T10:09:45Z" finished-at="2018-12-22T10:10:06Z">
    <groups>
    </groups>
    <test name="Default test" duration-ms="20988" started-at="2018-12-22T10:09:45Z" finished-at="2018-12-22T10:10:06Z">
      <class name="report.test">
        <test-method status="PASS" signature="setup()[pri:0, instance:report.test@61832929]" name="setup" duration-ms="16506" started-at="2018-12-22T15:39:45Z" finished-at="2018-12-22T15:40:01Z">
          <reporter-output>
          </reporter-output>
        </test-method> <!-- setup -->
        <test-method status="PASS" signature="endTest()[pri:0, instance:report.test@61832929]" name="endTest" is-config="true" duration-ms="4450" started-at="2018-12-22T15:40:01Z" finished-at="2018-12-22T15:40:06Z">
          <reporter-output>
          </reporter-output>
        </test-method> <!-- endTest -->
      </class> <!-- report.test -->
    </test> <!-- Default test -->
  </suite> <!-- Default suite -->
</testng-results>
